[ INFO ] [2018-11-18 01:35:34] com.vip.boot.ManagerApplication [48] - Starting ManagerApplication on GorgeousNi-MacBook-Pro.local with PID 10428 (/Users/nibaobao/Documents/vip-mall-project/framework-sso/sso-manager/target/classes started by nibaobao in /Users/nibaobao/Documents/vip-mall-project)
[ INFO ] [2018-11-18 01:35:34] com.vip.boot.ManagerApplication [597] - The following profiles are active: dev
[ INFO ] [2018-11-18 01:35:35] org.hibernate.validator.internal.util.Version [30] - HV000001: Hibernate Validator 5.3.5.Final
[ INFO ] [2018-11-18 01:35:40] org.apache.catalina.core.StandardService [179] - Starting service [Tomcat]
[ INFO ] [2018-11-18 01:35:40] org.apache.catalina.core.StandardEngine [179] - Starting Servlet Engine: Apache Tomcat/8.5.16
[ INFO ] [2018-11-18 01:35:40] org.apache.catalina.core.ContainerBase.[Tomcat].[localhost].[/vip-manager] [179] - Initializing Spring embedded WebApplicationContext
[ INFO ] [2018-11-18 01:35:41] com.alibaba.druid.pool.DruidDataSource [928] - {dataSource-1} inited
[ INFO ] [2018-11-18 01:35:44] springfox.documentation.spring.web.plugins.DocumentationPluginsBootstrapper [80] - Context refreshed
[ INFO ] [2018-11-18 01:35:44] springfox.documentation.spring.web.plugins.DocumentationPluginsBootstrapper [83] - Found {0} custom documentation plugin(s)
[ INFO ] [2018-11-18 01:35:44] springfox.documentation.spring.web.scanners.ApiListingReferenceScanner [53] - Scanning for api listing references
[ INFO ] [2018-11-18 01:35:44] springfox.documentation.spring.web.scanners.ApiListingReferenceScanner [72] - Request mapping: checkUserExist belongs to groups: [[ResourceGroup{groupName='用户基础信息api', position=0, controller=com.vip.controller.user.BaseUserController}]] 
[ INFO ] [2018-11-18 01:35:44] springfox.documentation.spring.web.scanners.ApiListingReferenceScanner [72] - Request mapping: loginPasswd belongs to groups: [[ResourceGroup{groupName='用户基础信息api', position=0, controller=com.vip.controller.user.BaseUserController}]] 
[ INFO ] [2018-11-18 01:35:44] springfox.documentation.spring.web.scanners.ApiListingReferenceScanner [72] - Request mapping: register belongs to groups: [[ResourceGroup{groupName='用户基础信息api', position=0, controller=com.vip.controller.user.BaseUserController}]] 
[ INFO ] [2018-11-18 01:35:44] springfox.documentation.spring.web.scanners.ApiListingReferenceScanner [84] - Created resource listing Path: /default/用户基础信息api Description: 用户基础信息api Position: 0
[ INFO ] [2018-11-18 01:35:44] org.apache.coyote.http11.Http11NioProtocol [179] - Initializing ProtocolHandler ["http-nio-8081"]
[ INFO ] [2018-11-18 01:35:44] org.apache.coyote.http11.Http11NioProtocol [179] - Starting ProtocolHandler ["http-nio-8081"]
[ INFO ] [2018-11-18 01:35:45] org.apache.tomcat.util.net.NioSelectorPool [179] - Using a shared selector for servlet write/read
[ INFO ] [2018-11-18 01:35:45] com.vip.boot.ManagerApplication [57] - Started ManagerApplication in 11.929 seconds (JVM running for 13.005)
[ INFO ] [2018-11-18 01:42:24] org.apache.catalina.core.ContainerBase.[Tomcat].[localhost].[/vip-manager] [179] - Initializing Spring FrameworkServlet 'dispatcherServlet'
[ INFO ] [2018-11-18 01:42:24] com.vip.config.AuthInterceptor [34] - Api Auth >>>>>true<<<< 
[ INFO ] [2018-11-18 01:42:24] com.vip.config.AuthInterceptor [37] -  The AUTH_TOKEN_KEY is: eyJ0eXBlIjoiSldUIiwiYWxnIjoiSFMyNTYifQ.eyJ1dG9rZW4iOnsiYmlydGhkYXkiOjc0NjQ2NzIwMDAwMCwicmVhbE5hbWUiOiJcdUQ4M0RcdURDOTciLCJsb2dpblBhc3N3ZCI6IiQyYSQxMCRrc3FVeHhDN05LZy5sTkJ2LmZ1YkdPWkRjejVQOFZXMzlXcEpUY013MEpaUDNJY0pDeUE1cSIsInVzZXJTdGF0dXMiOiJVMDEiLCJtb2JpbGVQaG9uZSI6IjE4ODE5MTc2MDUwIiwiY3JlYXRlVGltZSI6MTU0MTk1MjAwMDAwMCwic2V4IjoiMiIsInVwZGF0ZVRpbWUiOm51bGwsInVzZXJJbWdVcmwiOiJodHRwOi8vdGhpcmR3eC5xbG9nby5jbi9tbW9wZW4vdmlfMzIvUTBqNFR3R1RmVEtqRWtaTXpERTQ3cjE1MmdWRDFBZHRJQ2lhRzBzVmZ4ek1GV0prb3lVaWJBdjVGVGdUT1Y1cXB3S0NORjJnajNGcVJOREdydnZRbXhlQS8xMzIiLCJ1c2VyTmFtZSI6IuazpSIsInVzZXJJZCI6MTAwMDAwLCJlbWFpbCI6IjEyMyJ9LCJpc3MiOiJLWEIiLCJpYXQiOjE1NDI0NTUyNjgsImF1ZCI6IjA5OGY2YmNkNDYyMWQzNzNjYWRlNGU4d2Uyd2UyMzI2MjdiNGY2IiwiZXhwIjoxNTQyNDU1NTY4LCJuYmYiOjE1NDI0NTUyNjh9.BU88TSd0aSB3WQpt5pNSoB2WelOIPr5m_AJkHOISbuI
[ ERROR] [2018-11-18 01:42:25] com.vip.auth.JwtUtil [44] - JWT signature does not match locally computed signature. JWT validity cannot be asserted and should not be trusted.
[ INFO ] [2018-11-18 01:50:01] com.vip.config.AuthInterceptor [34] - Api Auth >>>>>true<<<< 
[ INFO ] [2018-11-18 01:50:01] com.vip.config.AuthInterceptor [37] -  The AUTH_TOKEN_KEY is: null
[ ERROR] [2018-11-18 01:50:01] com.vip.auth.JwtUtil [44] - JWT String argument cannot be null or empty.
[ INFO ] [2018-11-18 01:50:01] com.vip.config.AuthInterceptor [34] - Api Auth >>>>>true<<<< 
[ INFO ] [2018-11-18 01:50:01] com.vip.config.AuthInterceptor [37] -  The AUTH_TOKEN_KEY is: null
[ ERROR] [2018-11-18 01:50:01] com.vip.auth.JwtUtil [44] - JWT String argument cannot be null or empty.
[ INFO ] [2018-11-18 01:54:04] com.alibaba.druid.pool.DruidDataSource [1823] - {dataSource-1} closed
[ INFO ] [2018-11-18 01:59:05] com.vip.boot.ManagerApplication [48] - Starting ManagerApplication on GorgeousNi-MacBook-Pro.local with PID 10637 (/Users/nibaobao/Documents/vip-mall-project/framework-sso/sso-manager/target/classes started by nibaobao in /Users/nibaobao/Documents/vip-mall-project)
[ INFO ] [2018-11-18 01:59:05] com.vip.boot.ManagerApplication [597] - The following profiles are active: dev
[ INFO ] [2018-11-18 01:59:05] org.hibernate.validator.internal.util.Version [30] - HV000001: Hibernate Validator 5.3.5.Final
[ INFO ] [2018-11-18 01:59:08] org.apache.catalina.core.StandardService [179] - Starting service [Tomcat]
[ INFO ] [2018-11-18 01:59:08] org.apache.catalina.core.StandardEngine [179] - Starting Servlet Engine: Apache Tomcat/8.5.16
[ INFO ] [2018-11-18 01:59:09] org.apache.catalina.core.ContainerBase.[Tomcat].[localhost].[/vip-manager] [179] - Initializing Spring embedded WebApplicationContext
[ INFO ] [2018-11-18 01:59:09] com.alibaba.druid.pool.DruidDataSource [928] - {dataSource-1} inited
[ INFO ] [2018-11-18 01:59:12] springfox.documentation.spring.web.plugins.DocumentationPluginsBootstrapper [80] - Context refreshed
[ INFO ] [2018-11-18 01:59:12] springfox.documentation.spring.web.plugins.DocumentationPluginsBootstrapper [83] - Found {0} custom documentation plugin(s)
[ INFO ] [2018-11-18 01:59:12] springfox.documentation.spring.web.scanners.ApiListingReferenceScanner [53] - Scanning for api listing references
[ INFO ] [2018-11-18 01:59:12] org.apache.coyote.http11.Http11NioProtocol [179] - Initializing ProtocolHandler ["http-nio-8081"]
[ INFO ] [2018-11-18 01:59:12] org.apache.coyote.http11.Http11NioProtocol [179] - Starting ProtocolHandler ["http-nio-8081"]
[ INFO ] [2018-11-18 01:59:12] org.apache.tomcat.util.net.NioSelectorPool [179] - Using a shared selector for servlet write/read
[ INFO ] [2018-11-18 01:59:12] com.vip.boot.ManagerApplication [57] - Started ManagerApplication in 8.523 seconds (JVM running for 9.467)
[ INFO ] [2018-11-18 01:59:23] org.apache.catalina.core.ContainerBase.[Tomcat].[localhost].[/vip-manager] [179] - Initializing Spring FrameworkServlet 'dispatcherServlet'
[ INFO ] [2018-11-18 02:00:54] com.alibaba.druid.pool.DruidDataSource [1823] - {dataSource-1} closed
[ INFO ] [2018-11-18 02:01:13] com.vip.boot.ManagerApplication [48] - Starting ManagerApplication on GorgeousNi-MacBook-Pro.local with PID 10656 (/Users/nibaobao/Documents/vip-mall-project/framework-sso/sso-manager/target/classes started by nibaobao in /Users/nibaobao/Documents/vip-mall-project)
[ INFO ] [2018-11-18 02:01:13] com.vip.boot.ManagerApplication [597] - The following profiles are active: dev
[ INFO ] [2018-11-18 02:01:14] org.hibernate.validator.internal.util.Version [30] - HV000001: Hibernate Validator 5.3.5.Final
[ INFO ] [2018-11-18 02:01:17] org.apache.catalina.core.StandardService [179] - Starting service [Tomcat]
[ INFO ] [2018-11-18 02:01:17] org.apache.catalina.core.StandardEngine [179] - Starting Servlet Engine: Apache Tomcat/8.5.16
[ INFO ] [2018-11-18 02:01:17] org.apache.catalina.core.ContainerBase.[Tomcat].[localhost].[/vip-manager] [179] - Initializing Spring embedded WebApplicationContext
[ INFO ] [2018-11-18 02:01:18] com.alibaba.druid.pool.DruidDataSource [928] - {dataSource-1} inited
[ INFO ] [2018-11-18 02:01:21] springfox.documentation.spring.web.plugins.DocumentationPluginsBootstrapper [80] - Context refreshed
[ INFO ] [2018-11-18 02:01:21] springfox.documentation.spring.web.plugins.DocumentationPluginsBootstrapper [83] - Found {0} custom documentation plugin(s)
[ INFO ] [2018-11-18 02:01:21] springfox.documentation.spring.web.scanners.ApiListingReferenceScanner [53] - Scanning for api listing references
[ INFO ] [2018-11-18 02:01:21] org.apache.coyote.http11.Http11NioProtocol [179] - Initializing ProtocolHandler ["http-nio-8081"]
[ INFO ] [2018-11-18 02:01:21] org.apache.coyote.http11.Http11NioProtocol [179] - Starting ProtocolHandler ["http-nio-8081"]
[ INFO ] [2018-11-18 02:01:21] org.apache.tomcat.util.net.NioSelectorPool [179] - Using a shared selector for servlet write/read
[ INFO ] [2018-11-18 02:01:21] com.vip.boot.ManagerApplication [57] - Started ManagerApplication in 8.502 seconds (JVM running for 9.956)
[ INFO ] [2018-11-18 02:02:21] com.alibaba.druid.pool.DruidDataSource [1823] - {dataSource-1} closed
[ INFO ] [2018-11-18 02:02:40] com.vip.boot.ManagerApplication [48] - Starting ManagerApplication on GorgeousNi-MacBook-Pro.local with PID 10668 (/Users/nibaobao/Documents/vip-mall-project/framework-sso/sso-manager/target/classes started by nibaobao in /Users/nibaobao/Documents/vip-mall-project)
[ INFO ] [2018-11-18 02:02:40] com.vip.boot.ManagerApplication [597] - The following profiles are active: dev
[ INFO ] [2018-11-18 02:02:40] org.hibernate.validator.internal.util.Version [30] - HV000001: Hibernate Validator 5.3.5.Final
[ INFO ] [2018-11-18 02:02:43] org.apache.catalina.core.StandardService [179] - Starting service [Tomcat]
[ INFO ] [2018-11-18 02:02:43] org.apache.catalina.core.StandardEngine [179] - Starting Servlet Engine: Apache Tomcat/8.5.16
[ INFO ] [2018-11-18 02:02:43] org.apache.catalina.core.ContainerBase.[Tomcat].[localhost].[/vip-manager] [179] - Initializing Spring embedded WebApplicationContext
[ INFO ] [2018-11-18 02:02:44] com.alibaba.druid.pool.DruidDataSource [928] - {dataSource-1} inited
[ INFO ] [2018-11-18 02:02:47] springfox.documentation.spring.web.plugins.DocumentationPluginsBootstrapper [80] - Context refreshed
[ INFO ] [2018-11-18 02:02:47] springfox.documentation.spring.web.plugins.DocumentationPluginsBootstrapper [83] - Found {0} custom documentation plugin(s)
[ INFO ] [2018-11-18 02:02:47] springfox.documentation.spring.web.scanners.ApiListingReferenceScanner [53] - Scanning for api listing references
[ INFO ] [2018-11-18 02:02:47] springfox.documentation.spring.web.scanners.ApiListingReferenceScanner [72] - Request mapping: checkUserExist belongs to groups: [[ResourceGroup{groupName='用户基础信息api', position=0, controller=com.vip.controller.user.BaseUserController}]] 
[ INFO ] [2018-11-18 02:02:47] springfox.documentation.spring.web.scanners.ApiListingReferenceScanner [72] - Request mapping: loginPasswd belongs to groups: [[ResourceGroup{groupName='用户基础信息api', position=0, controller=com.vip.controller.user.BaseUserController}]] 
[ INFO ] [2018-11-18 02:02:47] springfox.documentation.spring.web.scanners.ApiListingReferenceScanner [72] - Request mapping: register belongs to groups: [[ResourceGroup{groupName='用户基础信息api', position=0, controller=com.vip.controller.user.BaseUserController}]] 
[ INFO ] [2018-11-18 02:02:47] springfox.documentation.spring.web.scanners.ApiListingReferenceScanner [84] - Created resource listing Path: /default/用户基础信息api Description: 用户基础信息api Position: 0
[ INFO ] [2018-11-18 02:02:47] org.apache.coyote.http11.Http11NioProtocol [179] - Initializing ProtocolHandler ["http-nio-8081"]
[ INFO ] [2018-11-18 02:02:47] org.apache.coyote.http11.Http11NioProtocol [179] - Starting ProtocolHandler ["http-nio-8081"]
[ INFO ] [2018-11-18 02:02:47] org.apache.tomcat.util.net.NioSelectorPool [179] - Using a shared selector for servlet write/read
[ INFO ] [2018-11-18 02:02:47] com.vip.boot.ManagerApplication [57] - Started ManagerApplication in 8.655 seconds (JVM running for 9.953)
[ INFO ] [2018-11-18 02:02:52] org.apache.catalina.core.ContainerBase.[Tomcat].[localhost].[/vip-manager] [179] - Initializing Spring FrameworkServlet 'dispatcherServlet'
[ INFO ] [2018-11-18 02:04:09] com.vip.config.AuthInterceptor [34] - Api Auth >>>>>true<<<< 
[ INFO ] [2018-11-18 02:04:09] com.vip.config.AuthInterceptor [37] -  The AUTH_TOKEN_KEY is: eyJ0eXBlIjoiSldUIiwiYWxnIjoiSFMyNTYifQ.eyJ1dG9rZW4iOnsiYmlydGhkYXkiOjc0NjQ2NzIwMDAwMCwicmVhbE5hbWUiOiJcdUQ4M0RcdURDOTciLCJsb2dpblBhc3N3ZCI6IiQyYSQxMCRrc3FVeHhDN05LZy5sTkJ2LmZ1YkdPWkRjejVQOFZXMzlXcEpUY013MEpaUDNJY0pDeUE1cSIsInVzZXJTdGF0dXMiOiJVMDEiLCJtb2JpbGVQaG9uZSI6IjE4ODE5MTc2MDUwIiwiY3JlYXRlVGltZSI6MTU0MTk1MjAwMDAwMCwic2V4IjoiMiIsInVwZGF0ZVRpbWUiOm51bGwsInVzZXJJbWdVcmwiOiJodHRwOi8vdGhpcmR3eC5xbG9nby5jbi9tbW9wZW4vdmlfMzIvUTBqNFR3R1RmVEtqRWtaTXpERTQ3cjE1MmdWRDFBZHRJQ2lhRzBzVmZ4ek1GV0prb3lVaWJBdjVGVGdUT1Y1cXB3S0NORjJnajNGcVJOREdydnZRbXhlQS8xMzIiLCJ1c2VyTmFtZSI6IuazpSIsInVzZXJJZCI6MTAwMDAwLCJlbWFpbCI6IjEyMyJ9LCJpc3MiOiJLWEIiLCJpYXQiOjE1NDI0NTUyNjgsImF1ZCI6IjA5OGY2YmNkNDYyMWQzNzNjYWRlNGU4d2Uyd2UyMzI2MjdiNGY2IiwiZXhwIjoxNTQyNDU1NTY4LCJuYmYiOjE1NDI0NTUyNjh9.BU88TSd0aSB3WQpt5pNSoB2WelOIPr5m_AJkHOISbuI
[ ERROR] [2018-11-18 02:04:09] com.vip.auth.JwtUtil [44] - JWT signature does not match locally computed signature. JWT validity cannot be asserted and should not be trusted.
[ INFO ] [2018-11-18 02:07:05] com.alibaba.druid.pool.DruidDataSource [1823] - {dataSource-1} closed
[ INFO ] [2018-11-18 02:11:15] com.vip.boot.ManagerApplication [48] - Starting ManagerApplication on GorgeousNi-MacBook-Pro.local with PID 10833 (/Users/nibaobao/Documents/vip-mall-project/framework-sso/sso-manager/target/classes started by nibaobao in /Users/nibaobao/Documents/vip-mall-project)
[ INFO ] [2018-11-18 02:11:15] com.vip.boot.ManagerApplication [597] - The following profiles are active: dev
[ INFO ] [2018-11-18 02:11:16] org.hibernate.validator.internal.util.Version [30] - HV000001: Hibernate Validator 5.3.5.Final
[ INFO ] [2018-11-18 02:11:20] org.apache.catalina.core.StandardService [179] - Starting service [Tomcat]
[ INFO ] [2018-11-18 02:11:20] org.apache.catalina.core.StandardEngine [179] - Starting Servlet Engine: Apache Tomcat/8.5.16
[ INFO ] [2018-11-18 02:11:20] org.apache.catalina.core.ContainerBase.[Tomcat].[localhost].[/vip-manager] [179] - Initializing Spring embedded WebApplicationContext
[ INFO ] [2018-11-18 02:11:21] com.alibaba.druid.pool.DruidDataSource [928] - {dataSource-1} inited
[ INFO ] [2018-11-18 02:11:24] springfox.documentation.spring.web.plugins.DocumentationPluginsBootstrapper [80] - Context refreshed
[ INFO ] [2018-11-18 02:11:24] springfox.documentation.spring.web.plugins.DocumentationPluginsBootstrapper [83] - Found {0} custom documentation plugin(s)
[ INFO ] [2018-11-18 02:11:24] springfox.documentation.spring.web.scanners.ApiListingReferenceScanner [53] - Scanning for api listing references
[ INFO ] [2018-11-18 02:11:24] springfox.documentation.spring.web.scanners.ApiListingReferenceScanner [72] - Request mapping: checkUserExist belongs to groups: [[ResourceGroup{groupName='用户基础信息api', position=0, controller=com.vip.controller.user.BaseUserController}]] 
[ INFO ] [2018-11-18 02:11:24] springfox.documentation.spring.web.scanners.ApiListingReferenceScanner [72] - Request mapping: loginPasswd belongs to groups: [[ResourceGroup{groupName='用户基础信息api', position=0, controller=com.vip.controller.user.BaseUserController}]] 
[ INFO ] [2018-11-18 02:11:24] springfox.documentation.spring.web.scanners.ApiListingReferenceScanner [72] - Request mapping: register belongs to groups: [[ResourceGroup{groupName='用户基础信息api', position=0, controller=com.vip.controller.user.BaseUserController}]] 
[ INFO ] [2018-11-18 02:11:24] springfox.documentation.spring.web.scanners.ApiListingReferenceScanner [84] - Created resource listing Path: /default/用户基础信息api Description: 用户基础信息api Position: 0
[ INFO ] [2018-11-18 02:11:24] org.apache.coyote.http11.Http11NioProtocol [179] - Initializing ProtocolHandler ["http-nio-8081"]
[ INFO ] [2018-11-18 02:11:24] org.apache.coyote.http11.Http11NioProtocol [179] - Starting ProtocolHandler ["http-nio-8081"]
[ INFO ] [2018-11-18 02:11:24] org.apache.tomcat.util.net.NioSelectorPool [179] - Using a shared selector for servlet write/read
[ INFO ] [2018-11-18 02:11:24] com.vip.boot.ManagerApplication [57] - Started ManagerApplication in 10.134 seconds (JVM running for 11.728)
[ INFO ] [2018-11-18 02:11:28] org.apache.catalina.core.ContainerBase.[Tomcat].[localhost].[/vip-manager] [179] - Initializing Spring FrameworkServlet 'dispatcherServlet'
[ INFO ] [2018-11-18 14:49:35] com.alibaba.druid.pool.DruidDataSource [1823] - {dataSource-1} closed
[ INFO ] [2018-11-18 14:49:43] com.vip.boot.ManagerApplication [48] - Starting ManagerApplication on GorgeousNi-MacBook-Pro.local with PID 11435 (/Users/nibaobao/Documents/vip-mall-project/framework-sso/sso-manager/target/classes started by nibaobao in /Users/nibaobao/Documents/vip-mall-project)
[ INFO ] [2018-11-18 14:49:43] com.vip.boot.ManagerApplication [597] - The following profiles are active: dev
[ INFO ] [2018-11-18 14:49:44] org.hibernate.validator.internal.util.Version [30] - HV000001: Hibernate Validator 5.3.5.Final
[ INFO ] [2018-11-18 14:49:47] org.apache.catalina.core.StandardService [179] - Starting service [Tomcat]
[ INFO ] [2018-11-18 14:49:47] org.apache.catalina.core.StandardEngine [179] - Starting Servlet Engine: Apache Tomcat/8.5.16
[ INFO ] [2018-11-18 14:49:48] org.apache.catalina.core.ContainerBase.[Tomcat].[localhost].[/vip-manager] [179] - Initializing Spring embedded WebApplicationContext
[ INFO ] [2018-11-18 14:49:49] com.alibaba.druid.pool.DruidDataSource [928] - {dataSource-1} inited
[ INFO ] [2018-11-18 14:49:52] springfox.documentation.spring.web.plugins.DocumentationPluginsBootstrapper [80] - Context refreshed
[ INFO ] [2018-11-18 14:49:52] springfox.documentation.spring.web.plugins.DocumentationPluginsBootstrapper [83] - Found {0} custom documentation plugin(s)
[ INFO ] [2018-11-18 14:49:52] springfox.documentation.spring.web.scanners.ApiListingReferenceScanner [53] - Scanning for api listing references
[ INFO ] [2018-11-18 14:49:52] springfox.documentation.spring.web.scanners.ApiListingReferenceScanner [72] - Request mapping: checkUserExist belongs to groups: [[ResourceGroup{groupName='用户基础信息api', position=0, controller=com.vip.controller.user.BaseUserController}]] 
[ INFO ] [2018-11-18 14:49:52] springfox.documentation.spring.web.scanners.ApiListingReferenceScanner [72] - Request mapping: loginPasswd belongs to groups: [[ResourceGroup{groupName='用户基础信息api', position=0, controller=com.vip.controller.user.BaseUserController}]] 
[ INFO ] [2018-11-18 14:49:52] springfox.documentation.spring.web.scanners.ApiListingReferenceScanner [72] - Request mapping: register belongs to groups: [[ResourceGroup{groupName='用户基础信息api', position=0, controller=com.vip.controller.user.BaseUserController}]] 
[ INFO ] [2018-11-18 14:49:52] springfox.documentation.spring.web.scanners.ApiListingReferenceScanner [84] - Created resource listing Path: /default/用户基础信息api Description: 用户基础信息api Position: 0
[ INFO ] [2018-11-18 14:49:53] org.apache.coyote.http11.Http11NioProtocol [179] - Initializing ProtocolHandler ["http-nio-8081"]
[ INFO ] [2018-11-18 14:49:53] org.apache.coyote.http11.Http11NioProtocol [179] - Starting ProtocolHandler ["http-nio-8081"]
[ INFO ] [2018-11-18 14:49:53] org.apache.tomcat.util.net.NioSelectorPool [179] - Using a shared selector for servlet write/read
[ INFO ] [2018-11-18 14:49:53] com.vip.boot.ManagerApplication [57] - Started ManagerApplication in 10.907 seconds (JVM running for 13.564)
[ INFO ] [2018-11-18 14:49:55] org.apache.catalina.core.ContainerBase.[Tomcat].[localhost].[/vip-manager] [179] - Initializing Spring FrameworkServlet 'dispatcherServlet'
[ INFO ] [2018-11-18 14:50:42] com.vip.config.AuthInterceptor [34] - Api Auth >>>>>true<<<< 
[ INFO ] [2018-11-18 14:50:42] com.vip.config.AuthInterceptor [34] - Api Auth >>>>>true<<<< 
[ INFO ] [2018-11-18 14:50:42] com.vip.config.AuthInterceptor [37] -  The AUTH_TOKEN_KEY is: null
[ INFO ] [2018-11-18 14:50:42] com.vip.config.AuthInterceptor [37] -  The AUTH_TOKEN_KEY is: null
[ ERROR] [2018-11-18 14:50:42] com.vip.auth.JwtUtil [44] - JWT String argument cannot be null or empty.
[ ERROR] [2018-11-18 14:50:42] com.vip.auth.JwtUtil [44] - JWT String argument cannot be null or empty.
[ INFO ] [2018-11-18 14:53:09] com.vip.config.AuthInterceptor [34] - Api Auth >>>>>true<<<< 
[ INFO ] [2018-11-18 14:53:09] com.vip.config.AuthInterceptor [34] - Api Auth >>>>>true<<<< 
[ INFO ] [2018-11-18 14:53:09] com.vip.config.AuthInterceptor [37] -  The AUTH_TOKEN_KEY is: null
[ INFO ] [2018-11-18 14:53:09] com.vip.config.AuthInterceptor [37] -  The AUTH_TOKEN_KEY is: null
[ ERROR] [2018-11-18 14:53:09] com.vip.auth.JwtUtil [44] - JWT String argument cannot be null or empty.
[ ERROR] [2018-11-18 14:53:09] com.vip.auth.JwtUtil [44] - JWT String argument cannot be null or empty.
[ INFO ] [2018-11-18 15:06:34] com.alibaba.druid.pool.DruidDataSource [1823] - {dataSource-1} closed
[ INFO ] [2018-11-18 15:08:44] com.vip.boot.ManagerApplication [48] - Starting ManagerApplication on GorgeousNi-MacBook-Pro.local with PID 11525 (/Users/nibaobao/Documents/vip-mall-project/framework-sso/sso-manager/target/classes started by nibaobao in /Users/nibaobao/Documents/vip-mall-project)
[ INFO ] [2018-11-18 15:08:44] com.vip.boot.ManagerApplication [597] - The following profiles are active: dev
[ INFO ] [2018-11-18 15:08:45] org.hibernate.validator.internal.util.Version [30] - HV000001: Hibernate Validator 5.3.5.Final
[ INFO ] [2018-11-18 15:08:48] org.apache.catalina.core.StandardService [179] - Starting service [Tomcat]
[ INFO ] [2018-11-18 15:08:48] org.apache.catalina.core.StandardEngine [179] - Starting Servlet Engine: Apache Tomcat/8.5.16
[ INFO ] [2018-11-18 15:08:49] org.apache.catalina.core.ContainerBase.[Tomcat].[localhost].[/vip-manager] [179] - Initializing Spring embedded WebApplicationContext
[ INFO ] [2018-11-18 15:08:49] com.alibaba.druid.pool.DruidDataSource [928] - {dataSource-1} inited
[ INFO ] [2018-11-18 15:08:53] springfox.documentation.spring.web.plugins.DocumentationPluginsBootstrapper [80] - Context refreshed
[ INFO ] [2018-11-18 15:08:53] springfox.documentation.spring.web.plugins.DocumentationPluginsBootstrapper [83] - Found {0} custom documentation plugin(s)
[ INFO ] [2018-11-18 15:08:53] springfox.documentation.spring.web.scanners.ApiListingReferenceScanner [53] - Scanning for api listing references
[ INFO ] [2018-11-18 15:08:53] springfox.documentation.spring.web.scanners.ApiListingReferenceScanner [72] - Request mapping: checkUserExist belongs to groups: [[ResourceGroup{groupName='用户基础信息api', position=0, controller=com.vip.controller.user.BaseUserController}]] 
[ INFO ] [2018-11-18 15:08:53] springfox.documentation.spring.web.scanners.ApiListingReferenceScanner [72] - Request mapping: loginPasswd belongs to groups: [[ResourceGroup{groupName='用户基础信息api', position=0, controller=com.vip.controller.user.BaseUserController}]] 
[ INFO ] [2018-11-18 15:08:53] springfox.documentation.spring.web.scanners.ApiListingReferenceScanner [72] - Request mapping: register belongs to groups: [[ResourceGroup{groupName='用户基础信息api', position=0, controller=com.vip.controller.user.BaseUserController}]] 
[ INFO ] [2018-11-18 15:08:53] springfox.documentation.spring.web.scanners.ApiListingReferenceScanner [84] - Created resource listing Path: /default/用户基础信息api Description: 用户基础信息api Position: 0
[ INFO ] [2018-11-18 15:08:53] org.apache.coyote.http11.Http11NioProtocol [179] - Initializing ProtocolHandler ["http-nio-8081"]
[ INFO ] [2018-11-18 15:08:53] org.apache.coyote.http11.Http11NioProtocol [179] - Starting ProtocolHandler ["http-nio-8081"]
[ INFO ] [2018-11-18 15:08:53] org.apache.tomcat.util.net.NioSelectorPool [179] - Using a shared selector for servlet write/read
[ INFO ] [2018-11-18 15:08:53] com.vip.boot.ManagerApplication [57] - Started ManagerApplication in 10.296 seconds (JVM running for 12.049)
[ INFO ] [2018-11-18 15:08:56] org.apache.catalina.core.ContainerBase.[Tomcat].[localhost].[/vip-manager] [179] - Initializing Spring FrameworkServlet 'dispatcherServlet'
[ INFO ] [2018-11-18 15:18:20] com.vip.config.AuthInterceptor [34] - Api Auth >>>>>true<<<< 
[ INFO ] [2018-11-18 15:18:20] com.vip.config.AuthInterceptor [37] -  The AUTH_TOKEN_KEY is: eyJ0eXBlIjoiSldUIiwiYWxnIjoiSFMyNTYifQ.eyJ1dG9rZW4iOnsiYmlydGhkYXkiOjc0NjQ2NzIwMDAwMCwicmVhbE5hbWUiOiJcdUQ4M0RcdURDOTciLCJsb2dpblBhc3N3ZCI6IiQyYSQxMCRrc3FVeHhDN05LZy5sTkJ2LmZ1YkdPWkRjejVQOFZXMzlXcEpUY013MEpaUDNJY0pDeUE1cSIsInVzZXJTdGF0dXMiOiJVMDEiLCJtb2JpbGVQaG9uZSI6IjE4ODE5MTc2MDUwIiwiY3JlYXRlVGltZSI6MTU0MTk1MjAwMDAwMCwic2V4IjoiMiIsInVwZGF0ZVRpbWUiOm51bGwsInVzZXJJbWdVcmwiOiJodHRwOi8vdGhpcmR3eC5xbG9nby5jbi9tbW9wZW4vdmlfMzIvUTBqNFR3R1RmVEtqRWtaTXpERTQ3cjE1MmdWRDFBZHRJQ2lhRzBzVmZ4ek1GV0prb3lVaWJBdjVGVGdUT1Y1cXB3S0NORjJnajNGcVJOREdydnZRbXhlQS8xMzIiLCJ1c2VyTmFtZSI6IuazpSIsInVzZXJJZCI6MTAwMDAwLCJlbWFpbCI6IjEyMyJ9LCJpc3MiOiJLWEIiLCJpYXQiOjE1NDI0NTUyNjgsImF1ZCI6IjA5OGY2YmNkNDYyMWQzNzNjYWRlNGU4d2Uyd2UyMzI2MjdiNGY2IiwiZXhwIjoxNTQyNDU1NTY4LCJuYmYiOjE1NDI0NTUyNjh9.BU88TSd0aSB3WQpt5pNSoB2WelOIPr5m_AJkHOISbuI
[ ERROR] [2018-11-18 15:18:20] com.vip.auth.JwtUtil [44] - JWT signature does not match locally computed signature. JWT validity cannot be asserted and should not be trusted.
[ INFO ] [2018-11-18 15:18:51] com.vip.config.AuthInterceptor [34] - Api Auth >>>>>true<<<< 
[ INFO ] [2018-11-18 15:18:51] com.vip.config.AuthInterceptor [37] -  The AUTH_TOKEN_KEY is: eyJ0eXBlIjoiSldUIiwiYWxnIjoiSFMyNTYifQ.eyJhdXRob3JpemF0aW9uIjp7ImJpcnRoZGF5Ijo3NDY0NjcyMDAwMDAsInJlYWxOYW1lIjoiXHVEODNEXHVEQzk3IiwibG9naW5QYXNzd2QiOiIkMmEkMTAka3NxVXh4QzdOS2cubE5Cdi5mdWJHT1pEY3o1UDhWVzM5V3BKVGNNdzBKWlAzSWNKQ3lBNXEiLCJ1c2VyU3RhdHVzIjoiVTAxIiwibW9iaWxlUGhvbmUiOiIxODgxOTE3NjA1MCIsImNyZWF0ZVRpbWUiOjE1NDE5NTIwMDAwMDAsInNleCI6IjIiLCJ1cGRhdGVUaW1lIjpudWxsLCJ1c2VySW1nVXJsIjoiaHR0cDovL3RoaXJkd3gucWxvZ28uY24vbW1vcGVuL3ZpXzMyL1EwajRUd0dUZlRLakVrWk16REU0N3IxNTJnVkQxQWR0SUNpYUcwc1ZmeHpNRldKa295VWliQXY1RlRnVE9WNXFwd0tDTkYyZ2ozRnFSTkRHcnZ2UW14ZUEvMTMyIiwidXNlck5hbWUiOiLms6UiLCJ1c2VySWQiOjEwMDAwMCwiZW1haWwiOiIxMjMifSwiaXNzIjoiS1hCIiwiaWF0IjoxNTQyNTI1NTA5LCJhdWQiOiIwOThmNmJjZDQ2MjFkMzczY2FkZTRlOHdlMndlMjMyNjI3YjRmNiIsImV4cCI6MTU0MjUyNjQwOSwibmJmIjoxNTQyNTI1NTA5fQ.2apLVSpaxAmmD8RC_WMUqGNUp6eP7eDkLDkbsRNdqpI
[ INFO ] [2018-11-18 15:19:19] com.vip.config.AuthInterceptor [34] - Api Auth >>>>>true<<<< 
[ INFO ] [2018-11-18 15:19:19] com.vip.config.AuthInterceptor [37] -  The AUTH_TOKEN_KEY is: eyJ0eXBlIjoiSldUIiwiYWxnIjoiSFMyNTYifQ.eyJhdXRob3JpemF0aW9uIjp7ImJpcnRoZGF5Ijo3NDY0NjcyMDAwMDAsInJlYWxOYW1lIjoiXHVEODNEXHVEQzk3IiwibG9naW5QYXNzd2QiOiIkMmEkMTAka3NxVXh4QzdOS2cubE5Cdi5mdWJHT1pEY3o1UDhWVzM5V3BKVGNNdzBKWlAzSWNKQ3lBNXEiLCJ1c2VyU3RhdHVzIjoiVTAxIiwibW9iaWxlUGhvbmUiOiIxODgxOTE3NjA1MCIsImNyZWF0ZVRpbWUiOjE1NDE5NTIwMDAwMDAsInNleCI6IjIiLCJ1cGRhdGVUaW1lIjpudWxsLCJ1c2VySW1nVXJsIjoiaHR0cDovL3RoaXJkd3gucWxvZ28uY24vbW1vcGVuL3ZpXzMyL1EwajRUd0dUZlRLakVrWk16REU0N3IxNTJnVkQxQWR0SUNpYUcwc1ZmeHpNRldKa295VWliQXY1RlRnVE9WNXFwd0tDTkYyZ2ozRnFSTkRHcnZ2UW14ZUEvMTMyIiwidXNlck5hbWUiOiLms6UiLCJ1c2VySWQiOjEwMDAwMCwiZW1haWwiOiIxMjMifSwiaXNzIjoiS1hCIiwiaWF0IjoxNTQyNTI1NTA5LCJhdWQiOiIwOThmNmJjZDQ2MjFkMzczY2FkZTRlOHdlMndlMjMyNjI3YjRmNiIsImV4cCI6MTU0MjUyNjQwOSwibmJmIjoxNTQyNTI1NTA5fQ.2apLVSpaxAmmD8RC_WMUqGNUp6eP7eDkLDkbsRNdqpI
[ INFO ] [2018-11-18 15:20:37] com.vip.config.AuthInterceptor [34] - Api Auth >>>>>true<<<< 
[ INFO ] [2018-11-18 15:20:37] com.vip.config.AuthInterceptor [37] -  The AUTH_TOKEN_KEY is: eyJ0eXBlIjoiSldUIiwiYWxnIjoiSFMyNTYifQ.eyJhdXRob3JpemF0aW9uIjp7ImJpcnRoZGF5Ijo3NDY0NjcyMDAwMDAsInJlYWxOYW1lIjoiXHVEODNEXHVEQzk3IiwibG9naW5QYXNzd2QiOiIkMmEkMTAka3NxVXh4QzdOS2cubE5Cdi5mdWJHT1pEY3o1UDhWVzM5V3BKVGNNdzBKWlAzSWNKQ3lBNXEiLCJ1c2VyU3RhdHVzIjoiVTAxIiwibW9iaWxlUGhvbmUiOiIxODgxOTE3NjA1MCIsImNyZWF0ZVRpbWUiOjE1NDE5NTIwMDAwMDAsInNleCI6IjIiLCJ1cGRhdGVUaW1lIjpudWxsLCJ1c2VySW1nVXJsIjoiaHR0cDovL3RoaXJkd3gucWxvZ28uY24vbW1vcGVuL3ZpXzMyL1EwajRUd0dUZlRLakVrWk16REU0N3IxNTJnVkQxQWR0SUNpYUcwc1ZmeHpNRldKa295VWliQXY1RlRnVE9WNXFwd0tDTkYyZ2ozRnFSTkRHcnZ2UW14ZUEvMTMyIiwidXNlck5hbWUiOiLms6UiLCJ1c2VySWQiOjEwMDAwMCwiZW1haWwiOiIxMjMifSwiaXNzIjoiS1hCIiwiaWF0IjoxNTQyNTI1NTA5LCJhdWQiOiIwOThmNmJjZDQ2MjFkMzczY2FkZTRlOHdlMndlMjMyNjI3YjRmNiIsImV4cCI6MTU0MjUyNjQwOSwibmJmIjoxNTQyNTI1NTA5fQ.2apLVSpaxAmmD8RC_WMUqGNUp6eP7eDkLDkbsRNdqpI
[ INFO ] [2018-11-18 15:21:28] com.vip.config.AuthInterceptor [34] - Api Auth >>>>>true<<<< 
[ INFO ] [2018-11-18 15:21:28] com.vip.config.AuthInterceptor [37] -  The AUTH_TOKEN_KEY is: eyJ0eXBlIjoiSldUIiwiYWxnIjoiSFMyNTYifQ.eyJhdXRob3JpemF0aW9uIjp7ImJpcnRoZGF5Ijo3NDY0NjcyMDAwMDAsInJlYWxOYW1lIjoiXHVEODNEXHVEQzk3IiwibG9naW5QYXNzd2QiOiIkMmEkMTAka3NxVXh4QzdOS2cubE5Cdi5mdWJHT1pEY3o1UDhWVzM5V3BKVGNNdzBKWlAzSWNKQ3lBNXEiLCJ1c2VyU3RhdHVzIjoiVTAxIiwibW9iaWxlUGhvbmUiOiIxODgxOTE3NjA1MCIsImNyZWF0ZVRpbWUiOjE1NDE5NTIwMDAwMDAsInNleCI6IjIiLCJ1cGRhdGVUaW1lIjpudWxsLCJ1c2VySW1nVXJsIjoiaHR0cDovL3RoaXJkd3gucWxvZ28uY24vbW1vcGVuL3ZpXzMyL1EwajRUd0dUZlRLakVrWk16REU0N3IxNTJnVkQxQWR0SUNpYUcwc1ZmeHpNRldKa295VWliQXY1RlRnVE9WNXFwd0tDTkYyZ2ozRnFSTkRHcnZ2UW14ZUEvMTMyIiwidXNlck5hbWUiOiLms6UiLCJ1c2VySWQiOjEwMDAwMCwiZW1haWwiOiIxMjMifSwiaXNzIjoiS1hCIiwiaWF0IjoxNTQyNTI1NTA5LCJhdWQiOiIwOThmNmJjZDQ2MjFkMzczY2FkZTRlOHdlMndlMjMyNjI3YjRmNiIsImV4cCI6MTU0MjUyNjQwOSwibmJmIjoxNTQyNTI1NTA5fQ.2apLVSpaxAmmD8RC_WMUqGNUp6eP7eDkLDkbsRNdqpI
[ INFO ] [2018-11-18 15:21:52] com.vip.config.AuthInterceptor [34] - Api Auth >>>>>true<<<< 
[ INFO ] [2018-11-18 15:21:52] com.vip.config.AuthInterceptor [37] -  The AUTH_TOKEN_KEY is: eyJ0eXBlIjoiSldUIiwiYWxnIjoiSFMyNTYifQ.eyJhdXRob3JpemF0aW9uIjp7ImJpcnRoZGF5Ijo3NDY0NjcyMDAwMDAsInJlYWxOYW1lIjoiXHVEODNEXHVEQzk3IiwibG9naW5QYXNzd2QiOiIkMmEkMTAka3NxVXh4QzdOS2cubE5Cdi5mdWJHT1pEY3o1UDhWVzM5V3BKVGNNdzBKWlAzSWNKQ3lBNXEiLCJ1c2VyU3RhdHVzIjoiVTAxIiwibW9iaWxlUGhvbmUiOiIxODgxOTE3NjA1MCIsImNyZWF0ZVRpbWUiOjE1NDE5NTIwMDAwMDAsInNleCI6IjIiLCJ1cGRhdGVUaW1lIjpudWxsLCJ1c2VySW1nVXJsIjoiaHR0cDovL3RoaXJkd3gucWxvZ28uY24vbW1vcGVuL3ZpXzMyL1EwajRUd0dUZlRLakVrWk16REU0N3IxNTJnVkQxQWR0SUNpYUcwc1ZmeHpNRldKa295VWliQXY1RlRnVE9WNXFwd0tDTkYyZ2ozRnFSTkRHcnZ2UW14ZUEvMTMyIiwidXNlck5hbWUiOiLms6UiLCJ1c2VySWQiOjEwMDAwMCwiZW1haWwiOiIxMjMifSwiaXNzIjoiS1hCIiwiaWF0IjoxNTQyNTI1NTA5LCJhdWQiOiIwOThmNmJjZDQ2MjFkMzczY2FkZTRlOHdlMndlMjMyNjI3YjRmNiIsImV4cCI6MTU0MjUyNjQwOSwibmJmIjoxNTQyNTI1NTA5fQ.2apLVSpaxAmmD8RC_WMUqGNUp6eP7eDkLDkbsRNdqpI
[ INFO ] [2018-11-18 15:23:08] com.alibaba.druid.pool.DruidDataSource [1823] - {dataSource-1} closed
[ INFO ] [2018-11-18 15:23:14] com.vip.boot.ManagerApplication [48] - Starting ManagerApplication on GorgeousNi-MacBook-Pro.local with PID 11547 (/Users/nibaobao/Documents/vip-mall-project/framework-sso/sso-manager/target/classes started by nibaobao in /Users/nibaobao/Documents/vip-mall-project)
[ INFO ] [2018-11-18 15:23:15] com.vip.boot.ManagerApplication [597] - The following profiles are active: dev
[ INFO ] [2018-11-18 15:23:15] org.hibernate.validator.internal.util.Version [30] - HV000001: Hibernate Validator 5.3.5.Final
[ INFO ] [2018-11-18 15:23:18] org.apache.catalina.core.StandardService [179] - Starting service [Tomcat]
[ INFO ] [2018-11-18 15:23:18] org.apache.catalina.core.StandardEngine [179] - Starting Servlet Engine: Apache Tomcat/8.5.16
[ INFO ] [2018-11-18 15:23:18] org.apache.catalina.core.ContainerBase.[Tomcat].[localhost].[/vip-manager] [179] - Initializing Spring embedded WebApplicationContext
[ INFO ] [2018-11-18 15:23:19] com.alibaba.druid.pool.DruidDataSource [928] - {dataSource-1} inited
[ INFO ] [2018-11-18 15:23:22] springfox.documentation.spring.web.plugins.DocumentationPluginsBootstrapper [80] - Context refreshed
[ INFO ] [2018-11-18 15:23:22] springfox.documentation.spring.web.plugins.DocumentationPluginsBootstrapper [83] - Found {0} custom documentation plugin(s)
[ INFO ] [2018-11-18 15:23:22] springfox.documentation.spring.web.scanners.ApiListingReferenceScanner [53] - Scanning for api listing references
[ INFO ] [2018-11-18 15:23:22] springfox.documentation.spring.web.scanners.ApiListingReferenceScanner [72] - Request mapping: checkUserExist belongs to groups: [[ResourceGroup{groupName='用户基础信息api', position=0, controller=com.vip.controller.user.BaseUserController}]] 
[ INFO ] [2018-11-18 15:23:22] springfox.documentation.spring.web.scanners.ApiListingReferenceScanner [72] - Request mapping: loginPasswd belongs to groups: [[ResourceGroup{groupName='用户基础信息api', position=0, controller=com.vip.controller.user.BaseUserController}]] 
[ INFO ] [2018-11-18 15:23:22] springfox.documentation.spring.web.scanners.ApiListingReferenceScanner [72] - Request mapping: register belongs to groups: [[ResourceGroup{groupName='用户基础信息api', position=0, controller=com.vip.controller.user.BaseUserController}]] 
[ INFO ] [2018-11-18 15:23:22] springfox.documentation.spring.web.scanners.ApiListingReferenceScanner [84] - Created resource listing Path: /default/用户基础信息api Description: 用户基础信息api Position: 0
[ INFO ] [2018-11-18 15:23:22] org.apache.coyote.http11.Http11NioProtocol [179] - Initializing ProtocolHandler ["http-nio-8081"]
[ INFO ] [2018-11-18 15:23:22] org.apache.coyote.http11.Http11NioProtocol [179] - Starting ProtocolHandler ["http-nio-8081"]
[ INFO ] [2018-11-18 15:23:22] org.apache.tomcat.util.net.NioSelectorPool [179] - Using a shared selector for servlet write/read
[ INFO ] [2018-11-18 15:23:22] com.vip.boot.ManagerApplication [57] - Started ManagerApplication in 8.688 seconds (JVM running for 9.859)
[ INFO ] [2018-11-18 15:23:29] org.apache.catalina.core.ContainerBase.[Tomcat].[localhost].[/vip-manager] [179] - Initializing Spring FrameworkServlet 'dispatcherServlet'
[ INFO ] [2018-11-18 15:23:29] com.vip.config.AuthInterceptor [34] - Api Auth >>>>>true<<<< 
[ INFO ] [2018-11-18 15:23:29] com.vip.config.AuthInterceptor [37] -  The AUTH_TOKEN_KEY is: eyJ0eXBlIjoiSldUIiwiYWxnIjoiSFMyNTYifQ.eyJhdXRob3JpemF0aW9uIjp7ImJpcnRoZGF5Ijo3NDY0NjcyMDAwMDAsInJlYWxOYW1lIjoiXHVEODNEXHVEQzk3IiwibG9naW5QYXNzd2QiOiIkMmEkMTAka3NxVXh4QzdOS2cubE5Cdi5mdWJHT1pEY3o1UDhWVzM5V3BKVGNNdzBKWlAzSWNKQ3lBNXEiLCJ1c2VyU3RhdHVzIjoiVTAxIiwibW9iaWxlUGhvbmUiOiIxODgxOTE3NjA1MCIsImNyZWF0ZVRpbWUiOjE1NDE5NTIwMDAwMDAsInNleCI6IjIiLCJ1cGRhdGVUaW1lIjpudWxsLCJ1c2VySW1nVXJsIjoiaHR0cDovL3RoaXJkd3gucWxvZ28uY24vbW1vcGVuL3ZpXzMyL1EwajRUd0dUZlRLakVrWk16REU0N3IxNTJnVkQxQWR0SUNpYUcwc1ZmeHpNRldKa295VWliQXY1RlRnVE9WNXFwd0tDTkYyZ2ozRnFSTkRHcnZ2UW14ZUEvMTMyIiwidXNlck5hbWUiOiLms6UiLCJ1c2VySWQiOjEwMDAwMCwiZW1haWwiOiIxMjMifSwiaXNzIjoiS1hCIiwiaWF0IjoxNTQyNTI1NTA5LCJhdWQiOiIwOThmNmJjZDQ2MjFkMzczY2FkZTRlOHdlMndlMjMyNjI3YjRmNiIsImV4cCI6MTU0MjUyNjQwOSwibmJmIjoxNTQyNTI1NTA5fQ.2apLVSpaxAmmD8RC_WMUqGNUp6eP7eDkLDkbsRNdqpI
[ INFO ] [2018-11-18 15:24:04] com.vip.config.AuthInterceptor [34] - Api Auth >>>>>true<<<< 
[ INFO ] [2018-11-18 15:24:04] com.vip.config.AuthInterceptor [37] -  The AUTH_TOKEN_KEY is: eyJ0eXBlIjoiSldUIiwiYWxnIjoiSFMyNTYifQ.eyJhdXRob3JpemF0aW9uIjp7ImJpcnRoZGF5Ijo3NDY0NjcyMDAwMDAsInJlYWxOYW1lIjoiXHVEODNEXHVEQzk3IiwibG9naW5QYXNzd2QiOiIkMmEkMTAka3NxVXh4QzdOS2cubE5Cdi5mdWJHT1pEY3o1UDhWVzM5V3BKVGNNdzBKWlAzSWNKQ3lBNXEiLCJ1c2VyU3RhdHVzIjoiVTAxIiwibW9iaWxlUGhvbmUiOiIxODgxOTE3NjA1MCIsImNyZWF0ZVRpbWUiOjE1NDE5NTIwMDAwMDAsInNleCI6IjIiLCJ1cGRhdGVUaW1lIjpudWxsLCJ1c2VySW1nVXJsIjoiaHR0cDovL3RoaXJkd3gucWxvZ28uY24vbW1vcGVuL3ZpXzMyL1EwajRUd0dUZlRLakVrWk16REU0N3IxNTJnVkQxQWR0SUNpYUcwc1ZmeHpNRldKa295VWliQXY1RlRnVE9WNXFwd0tDTkYyZ2ozRnFSTkRHcnZ2UW14ZUEvMTMyIiwidXNlck5hbWUiOiLms6UiLCJ1c2VySWQiOjEwMDAwMCwiZW1haWwiOiIxMjMifSwiaXNzIjoiS1hCIiwiaWF0IjoxNTQyNTI1ODE0LCJhdWQiOiIwOThmNmJjZDQ2MjFkMzczY2FkZTRlOHdlMndlMjMyNjI3YjRmNiIsImV4cCI6MTU0MjUyNjcxNCwibmJmIjoxNTQyNTI1ODE0fQ.mEnTHjkeAsqZOGakZbf-Iwg-VvV3nWzcB-LtZDF9pl0
[ INFO ] [2018-11-18 15:24:08] com.vip.config.AuthInterceptor [34] - Api Auth >>>>>true<<<< 
[ INFO ] [2018-11-18 15:24:08] com.vip.config.AuthInterceptor [37] -  The AUTH_TOKEN_KEY is: null
[ ERROR] [2018-11-18 15:24:08] com.vip.auth.JwtUtil [44] - JWT String argument cannot be null or empty.
[ INFO ] [2018-11-18 15:25:06] com.vip.config.AuthInterceptor [34] - Api Auth >>>>>true<<<< 
[ INFO ] [2018-11-18 15:25:06] com.vip.config.AuthInterceptor [37] -  The AUTH_TOKEN_KEY is: null
[ ERROR] [2018-11-18 15:25:18] com.vip.auth.JwtUtil [44] - JWT String argument cannot be null or empty.
[ INFO ] [2018-11-18 15:26:01] com.alibaba.druid.pool.DruidDataSource [1823] - {dataSource-1} closed
[ INFO ] [2018-11-18 15:26:07] com.vip.boot.ManagerApplication [48] - Starting ManagerApplication on GorgeousNi-MacBook-Pro.local with PID 11570 (/Users/nibaobao/Documents/vip-mall-project/framework-sso/sso-manager/target/classes started by nibaobao in /Users/nibaobao/Documents/vip-mall-project)
[ INFO ] [2018-11-18 15:26:08] com.vip.boot.ManagerApplication [597] - The following profiles are active: dev
[ INFO ] [2018-11-18 15:26:08] org.hibernate.validator.internal.util.Version [30] - HV000001: Hibernate Validator 5.3.5.Final
[ INFO ] [2018-11-18 15:26:11] org.apache.catalina.core.StandardService [179] - Starting service [Tomcat]
[ INFO ] [2018-11-18 15:26:11] org.apache.catalina.core.StandardEngine [179] - Starting Servlet Engine: Apache Tomcat/8.5.16
[ INFO ] [2018-11-18 15:26:12] org.apache.catalina.core.ContainerBase.[Tomcat].[localhost].[/vip-manager] [179] - Initializing Spring embedded WebApplicationContext
[ INFO ] [2018-11-18 15:26:12] com.alibaba.druid.pool.DruidDataSource [928] - {dataSource-1} inited
[ INFO ] [2018-11-18 15:26:15] springfox.documentation.spring.web.plugins.DocumentationPluginsBootstrapper [80] - Context refreshed
[ INFO ] [2018-11-18 15:26:15] springfox.documentation.spring.web.plugins.DocumentationPluginsBootstrapper [83] - Found {0} custom documentation plugin(s)
[ INFO ] [2018-11-18 15:26:15] springfox.documentation.spring.web.scanners.ApiListingReferenceScanner [53] - Scanning for api listing references
[ INFO ] [2018-11-18 15:26:15] springfox.documentation.spring.web.scanners.ApiListingReferenceScanner [72] - Request mapping: checkUserExist belongs to groups: [[ResourceGroup{groupName='用户基础信息api', position=0, controller=com.vip.controller.user.BaseUserController}]] 
[ INFO ] [2018-11-18 15:26:15] springfox.documentation.spring.web.scanners.ApiListingReferenceScanner [72] - Request mapping: loginPasswd belongs to groups: [[ResourceGroup{groupName='用户基础信息api', position=0, controller=com.vip.controller.user.BaseUserController}]] 
[ INFO ] [2018-11-18 15:26:15] springfox.documentation.spring.web.scanners.ApiListingReferenceScanner [72] - Request mapping: register belongs to groups: [[ResourceGroup{groupName='用户基础信息api', position=0, controller=com.vip.controller.user.BaseUserController}]] 
[ INFO ] [2018-11-18 15:26:15] springfox.documentation.spring.web.scanners.ApiListingReferenceScanner [84] - Created resource listing Path: /default/用户基础信息api Description: 用户基础信息api Position: 0
[ INFO ] [2018-11-18 15:26:15] org.apache.coyote.http11.Http11NioProtocol [179] - Initializing ProtocolHandler ["http-nio-8081"]
[ INFO ] [2018-11-18 15:26:15] org.apache.coyote.http11.Http11NioProtocol [179] - Starting ProtocolHandler ["http-nio-8081"]
[ INFO ] [2018-11-18 15:26:15] org.apache.tomcat.util.net.NioSelectorPool [179] - Using a shared selector for servlet write/read
[ INFO ] [2018-11-18 15:26:15] com.vip.boot.ManagerApplication [57] - Started ManagerApplication in 8.805 seconds (JVM running for 10.017)
[ INFO ] [2018-11-18 15:26:21] org.apache.catalina.core.ContainerBase.[Tomcat].[localhost].[/vip-manager] [179] - Initializing Spring FrameworkServlet 'dispatcherServlet'
[ INFO ] [2018-11-18 15:26:21] com.vip.config.AuthInterceptor [34] - Api Auth >>>>>true<<<< 
[ INFO ] [2018-11-18 15:26:21] com.vip.config.AuthInterceptor [37] -  The AUTH_TOKEN_KEY is: null
[ INFO ] [2018-11-18 15:26:24] com.vip.config.AuthInterceptor [34] - Api Auth >>>>>true<<<< 
[ INFO ] [2018-11-18 15:26:24] com.vip.config.AuthInterceptor [37] -  The AUTH_TOKEN_KEY is: eyJ0eXBlIjoiSldUIiwiYWxnIjoiSFMyNTYifQ.eyJhdXRob3JpemF0aW9uIjp7ImJpcnRoZGF5Ijo3NDY0NjcyMDAwMDAsInJlYWxOYW1lIjoiXHVEODNEXHVEQzk3IiwibG9naW5QYXNzd2QiOiIkMmEkMTAka3NxVXh4QzdOS2cubE5Cdi5mdWJHT1pEY3o1UDhWVzM5V3BKVGNNdzBKWlAzSWNKQ3lBNXEiLCJ1c2VyU3RhdHVzIjoiVTAxIiwibW9iaWxlUGhvbmUiOiIxODgxOTE3NjA1MCIsImNyZWF0ZVRpbWUiOjE1NDE5NTIwMDAwMDAsInNleCI6IjIiLCJ1cGRhdGVUaW1lIjpudWxsLCJ1c2VySW1nVXJsIjoiaHR0cDovL3RoaXJkd3gucWxvZ28uY24vbW1vcGVuL3ZpXzMyL1EwajRUd0dUZlRLakVrWk16REU0N3IxNTJnVkQxQWR0SUNpYUcwc1ZmeHpNRldKa295VWliQXY1RlRnVE9WNXFwd0tDTkYyZ2ozRnFSTkRHcnZ2UW14ZUEvMTMyIiwidXNlck5hbWUiOiLms6UiLCJ1c2VySWQiOjEwMDAwMCwiZW1haWwiOiIxMjMifSwiaXNzIjoiS1hCIiwiaWF0IjoxNTQyNTI1ODE0LCJhdWQiOiIwOThmNmJjZDQ2MjFkMzczY2FkZTRlOHdlMndlMjMyNjI3YjRmNiIsImV4cCI6MTU0MjUyNjcxNCwibmJmIjoxNTQyNTI1ODE0fQ.mEnTHjkeAsqZOGakZbf-Iwg-VvV3nWzcB-LtZDF9pl0
[ INFO ] [2018-11-18 15:27:13] com.vip.config.AuthInterceptor [34] - Api Auth >>>>>true<<<< 
[ INFO ] [2018-11-18 15:27:13] com.vip.config.AuthInterceptor [37] -  The AUTH_TOKEN_KEY is: eyJ0eXBlIjoiSldUIiwiYWxnIjoiSFMyNTYifQ.eyJhdXRob3JpemF0aW9uIjp7ImJpcnRoZGF5Ijo3NDY0NjcyMDAwMDAsInJlYWxOYW1lIjoiXHVEODNEXHVEQzk3IiwibG9naW5QYXNzd2QiOiIkMmEkMTAka3NxVXh4QzdOS2cubE5Cdi5mdWJHT1pEY3o1UDhWVzM5V3BKVGNNdzBKWlAzSWNKQ3lBNXEiLCJ1c2VyU3RhdHVzIjoiVTAxIiwibW9iaWxlUGhvbmUiOiIxODgxOTE3NjA1MCIsImNyZWF0ZVRpbWUiOjE1NDE5NTIwMDAwMDAsInNleCI6IjIiLCJ1cGRhdGVUaW1lIjpudWxsLCJ1c2VySW1nVXJsIjoiaHR0cDovL3RoaXJkd3gucWxvZ28uY24vbW1vcGVuL3ZpXzMyL1EwajRUd0dUZlRLakVrWk16REU0N3IxNTJnVkQxQWR0SUNpYUcwc1ZmeHpNRldKa295VWliQXY1RlRnVE9WNXFwd0tDTkYyZ2ozRnFSTkRHcnZ2UW14ZUEvMTMyIiwidXNlck5hbWUiOiLms6UiLCJ1c2VySWQiOjEwMDAwMCwiZW1haWwiOiIxMjMifSwiaXNzIjoiS1hCIiwiaWF0IjoxNTQyNTI1ODE0LCJhdWQiOiIwOThmNmJjZDQ2MjFkMzczY2FkZTRlOHdlMndlMjMyNjI3YjRmNiIsImV4cCI6MTU0MjUyNjcxNCwibmJmIjoxNTQyNTI1ODE0fQ.mEnTHjkeAsqZOGakZbf-Iwg-VvV3nWzcB-LtZDF9pl0
[ INFO ] [2018-11-18 15:27:20] com.vip.config.AuthInterceptor [34] - Api Auth >>>>>true<<<< 
[ INFO ] [2018-11-18 15:27:20] com.vip.config.AuthInterceptor [37] -  The AUTH_TOKEN_KEY is: eyJ0eXBlIjoiSldUIiwiYWxnIjoiSFMyNTYifQ.eyJhdXRob3JpemF0aW9uIjp7ImJpcnRoZGF5Ijo3NDY0NjcyMDAwMDAsInJlYWxOYW1lIjoiXHVEODNEXHVEQzk3IiwibG9naW5QYXNzd2QiOiIkMmEkMTAka3NxVXh4QzdOS2cubE5Cdi5mdWJHT1pEY3o1UDhWVzM5V3BKVGNNdzBKWlAzSWNKQ3lBNXEiLCJ1c2VyU3RhdHVzIjoiVTAxIiwibW9iaWxlUGhvbmUiOiIxODgxOTE3NjA1MCIsImNyZWF0ZVRpbWUiOjE1NDE5NTIwMDAwMDAsInNleCI6IjIiLCJ1cGRhdGVUaW1lIjpudWxsLCJ1c2VySW1nVXJsIjoiaHR0cDovL3RoaXJkd3gucWxvZ28uY24vbW1vcGVuL3ZpXzMyL1EwajRUd0dUZlRLakVrWk16REU0N3IxNTJnVkQxQWR0SUNpYUcwc1ZmeHpNRldKa295VWliQXY1RlRnVE9WNXFwd0tDTkYyZ2ozRnFSTkRHcnZ2UW14ZUEvMTMyIiwidXNlck5hbWUiOiLms6UiLCJ1c2VySWQiOjEwMDAwMCwiZW1haWwiOiIxMjMifSwiaXNzIjoiS1hCIiwiaWF0IjoxNTQyNTI1ODE0LCJhdWQiOiIwOThmNmJjZDQ2MjFkMzczY2FkZTRlOHdlMndlMjMyNjI3YjRmNiIsImV4cCI6MTU0MjUyNjcxNCwibmJmIjoxNTQyNTI1ODE0fQ.mEnTHjkeAsqZOGakZbf-Iwg-VvV3nWzcB-LtZDF9pl0
[ INFO ] [2018-11-18 15:28:48] com.alibaba.druid.pool.DruidDataSource [1823] - {dataSource-1} closed
